<?xml version="1.0" encoding="UTF-8"?>
<!-- Generated by org.testng.reporters.JUnitXMLReporter -->
<testsuite ignored="1" hostname="DESKTOP-KA962M4" failures="1" tests="21" name="Personal Loan" time="0.421" errors="0" timestamp="2023-07-08T19:26:38 IST">
  <testcase classname="testNG.Class1" name="Demo" time="0.036"/>
  <testcase classname="testNG.Class1" name="DemoMethod" time="0.004"/>
  <testcase classname="testNG.Class2" name="Demoo" time="0.007"/>
  <testcase classname="testNG.Class3" name="LoginAPICarLoan" time="0.012"/>
  <testcase classname="testNG.Class3" name="MobileLoginCarLoan" time="0.004"/>
  <testcase classname="testNG.Class3" name="MobileSignInCarLoan" time="0.003"/>
  <testcase classname="testNG.Class3" name="MobileSignOutinCarLoan" time="0.002"/>
  <testcase classname="testNG.Class3" name="WebLoginCarLoan" time="0.004"/>
  <testcase classname="testNG.Class4" name="LoginAPIHomeLoan" time="0.004"/>
  <testcase classname="testNG.Class4" name="MobileLoginHomeLoan" time="0.002"/>
  <testcase classname="testNG.Class4" name="WebLoginHomeLoan" time="0.004"/>
  <testcase classname="testNG.Dataprovider" name="useData" time="0.003"/>
  <testcase classname="testNG.Dataprovider" name="useData" time="0.002"/>
  <testcase classname="testNG.Dataprovider" name="useData" time="0.003"/>
  <testcase classname="testNG.Depends" name="Writer" time="0.005"/>
  <testcase classname="testNG.Depends" name="Book" time="0.002"/>
  <testcase classname="testNG.Enabled" name="module" time="0.003"/>
  <testcase classname="testNG.ParallelTests" name="pTest" time="0.005"/>
  <testcase classname="testNG.ParallelTests" name="pTest1" time="0.003"/>
  <testcase classname="testNG.parameter" name="value" time="0.0">
    <failure type="org.testng.TestNGException" message="
Parameter &amp;apos;URL&amp;apos; is required by @Test on method value but has not been marked @Optional or defined
in C:\Users\Aditya\eclipse-workspace\TestNGTutorial\testng2.xml">
      <![CDATA[org.testng.TestNGException: 
Parameter 'URL' is required by @Test on method value but has not been marked @Optional or defined
in C:\Users\Aditya\eclipse-workspace\TestNGTutorial\testng2.xml
at java.base/java.util.ArrayList.forEach(ArrayList.java:1511)
... Removed 26 stack frames]]>
    </failure>
  </testcase> <!-- value -->
  <testcase classname="testNG.TimeOut" name="TO" time="0.013"/>
  <testcase classname="testNG.Enabled" name="bug" time="0.0">
    <ignored/>
  </testcase> <!-- bug -->
</testsuite> <!-- Personal Loan -->
